   1                             	r8	=	0xffef0
   2                             	r16	=	0xffee8
   3                             	r24	=	0xffee0
   4                             	r9	=	0xffef1
   5                             	r17	=	0xffee9
   6                             	r25	=	0xffee1
   7                             	r10	=	0xffef2
   8                             	r18	=	0xffeea
   9                             	r26	=	0xffee2
  10                             	r11	=	0xffef3
  11                             	r19	=	0xffeeb
  12                             	r27	=	0xffee3
  13                             	r12	=	0xffef4
  14                             	r20	=	0xffeec
  15                             	r28	=	0xffee4
  16                             	r13	=	0xffef5
  17                             	r21	=	0xffeed
  18                             	r29	=	0xffee5
  19                             	r14	=	0xffef6
  20                             	r22	=	0xffeee
  21                             	r30	=	0xffee6
  22                             	r15	=	0xffef7
  23                             	r23	=	0xffeef
  24                             	r31	=	0xffee7
  25                             	.text
  26                             	.Ltext0:
  27                             		.global	_R_PORT_Create
  29                             	_R_PORT_Create:
  30                             	.LFB0:
  31                             		.file 1 "../src/r_cg_port.c"
   1:../src/r_cg_port.c **** /**************************************************************************************************
   2:../src/r_cg_port.c **** * DISCLAIMER
   3:../src/r_cg_port.c **** * This software is supplied by Renesas Electronics Corporation and is only 
   4:../src/r_cg_port.c **** * intended for use with Renesas products. No other uses are authorized. This 
   5:../src/r_cg_port.c **** * software is owned by Renesas Electronics Corporation and is protected under 
   6:../src/r_cg_port.c **** * all applicable laws, including copyright laws.
   7:../src/r_cg_port.c **** * THIS SOFTWARE IS PROVIDED "AS IS" AND RENESAS MAKES NO WARRANTIES REGARDING 
   8:../src/r_cg_port.c **** * THIS SOFTWARE, WHETHER EXPRESS, IMPLIED OR STATUTORY, INCLUDING BUT NOT 
   9:../src/r_cg_port.c **** * LIMITED TO WARRANTIES OF MERCHANTABILITY, FITNESS FOR A PARTICULAR PURPOSE 
  10:../src/r_cg_port.c **** * AND NON-INFRINGEMENT.  ALL SUCH WARRANTIES ARE EXPRESSLY DISCLAIMED.
  11:../src/r_cg_port.c **** * TO THE MAXIMUM EXTENT PERMITTED NOT PROHIBITED BY LAW, NEITHER RENESAS 
  12:../src/r_cg_port.c **** * ELECTRONICS CORPORATION NOR ANY OF ITS AFFILIATED COMPANIES SHALL BE LIABLE 
  13:../src/r_cg_port.c **** * FOR ANY DIRECT, INDIRECT, SPECIAL, INCIDENTAL OR CONSEQUENTIAL DAMAGES FOR 
  14:../src/r_cg_port.c **** * ANY REASON RELATED TO THIS SOFTWARE, EVEN IF RENESAS OR ITS AFFILIATES HAVE 
  15:../src/r_cg_port.c **** * BEEN ADVISED OF THE POSSIBILITY OF SUCH DAMAGES.
  16:../src/r_cg_port.c **** * Renesas reserves the right, without notice, to make changes to this software 
  17:../src/r_cg_port.c **** * and to discontinue the availability of this software.  By using this software, 
  18:../src/r_cg_port.c **** * you agree to the additional terms and conditions found by accessing the 
  19:../src/r_cg_port.c **** * following link:
  20:../src/r_cg_port.c **** * http://www.renesas.com/disclaimer
  21:../src/r_cg_port.c **** *
  22:../src/r_cg_port.c **** * Copyright (C) 2011, 2013 Renesas Electronics Corporation. All rights reserved.
  23:../src/r_cg_port.c **** ***************************************************************************************************
  24:../src/r_cg_port.c **** 
  25:../src/r_cg_port.c **** /**************************************************************************************************
  26:../src/r_cg_port.c **** * File Name    : r_cg_port.c
  27:../src/r_cg_port.c **** * Version      : CodeGenerator for RL78/G14 V2.01.00.02 [09 Aug 2013]
  28:../src/r_cg_port.c **** * Device(s)    : R5F104PJ
  29:../src/r_cg_port.c **** * Tool-Chain   : GCCRL78
  30:../src/r_cg_port.c **** * Description  : This file implements device driver for PORT module.
  31:../src/r_cg_port.c **** * Creation Date: 04/10/2018
  32:../src/r_cg_port.c **** ***************************************************************************************************
  33:../src/r_cg_port.c **** 
  34:../src/r_cg_port.c **** /**************************************************************************************************
  35:../src/r_cg_port.c **** Includes
  36:../src/r_cg_port.c **** ***************************************************************************************************
  37:../src/r_cg_port.c **** #include "r_cg_macrodriver.h"
  38:../src/r_cg_port.c **** #include "r_cg_port.h"
  39:../src/r_cg_port.c **** /* Start user code for include. Do not edit comment generated here */
  40:../src/r_cg_port.c **** /* End user code. Do not edit comment generated here */
  41:../src/r_cg_port.c **** #include "r_cg_userdefine.h"
  42:../src/r_cg_port.c **** 
  43:../src/r_cg_port.c **** /**************************************************************************************************
  44:../src/r_cg_port.c **** Global variables and functions
  45:../src/r_cg_port.c **** ***************************************************************************************************
  46:../src/r_cg_port.c **** /* Start user code for global. Do not edit comment generated here */
  47:../src/r_cg_port.c **** /* End user code. Do not edit comment generated here */
  48:../src/r_cg_port.c **** 
  49:../src/r_cg_port.c **** /**************************************************************************************************
  50:../src/r_cg_port.c **** * Function Name: R_PORT_Create
  51:../src/r_cg_port.c **** * Description  : This function initializes the Port I/O.
  52:../src/r_cg_port.c **** * Arguments    : None
  53:../src/r_cg_port.c **** * Return Value : None
  54:../src/r_cg_port.c **** ***************************************************************************************************
  55:../src/r_cg_port.c **** void R_PORT_Create(void)
  56:../src/r_cg_port.c **** {
  32                             		.loc 1 56 0 is_stmt 1
  57:../src/r_cg_port.c ****     P6 = _00_Pn2_OUTPUT_0;
  33                             		.loc 1 57 0
  34 0000 C9 F0 06 FF             		movw	r8, #-250
  35 0004 AD F0                   		movw	ax, r8
  36 0006 BD F2                   		movw	r10, ax
  37 0008 DA F2                   		movw	bc, r10
  38 000a F1                      		clrb	a
  39 000b 48 00 00                		mov	[bc], a
  58:../src/r_cg_port.c ****     PM6 = _01_PMn0_NOT_USE | _02_PMn1_NOT_USE | _00_PMn2_MODE_OUTPUT | _08_PMn3_NOT_USE | _10_PMn4_
  40                             		.loc 1 58 0
  41 000e C9 F0 26 FF             		movw	r8, #-218
  42 0012 AD F0                   		movw	ax, r8
  43 0014 BD F2                   		movw	r10, ax
  44 0016 DA F2                   		movw	bc, r10
  45 0018 51 FB                   		mov	a, #-5
  46 001a 48 00 00                		mov	[bc], a
  59:../src/r_cg_port.c ****           _20_PMn5_NOT_USE | _40_PMn6_NOT_USE | _80_PMn7_NOT_USE;
  60:../src/r_cg_port.c **** }
  47                             		.loc 1 60 0
  48 001d D7                      		ret
  49                             	.LFE0:
  77                             	.Letext0:
  78                             		.file 2 "../src/iodefine.h"
