   1                             	r8	=	0xffef0
   2                             	r16	=	0xffee8
   3                             	r24	=	0xffee0
   4                             	r9	=	0xffef1
   5                             	r17	=	0xffee9
   6                             	r25	=	0xffee1
   7                             	r10	=	0xffef2
   8                             	r18	=	0xffeea
   9                             	r26	=	0xffee2
  10                             	r11	=	0xffef3
  11                             	r19	=	0xffeeb
  12                             	r27	=	0xffee3
  13                             	r12	=	0xffef4
  14                             	r20	=	0xffeec
  15                             	r28	=	0xffee4
  16                             	r13	=	0xffef5
  17                             	r21	=	0xffeed
  18                             	r29	=	0xffee5
  19                             	r14	=	0xffef6
  20                             	r22	=	0xffeee
  21                             	r30	=	0xffee6
  22                             	r15	=	0xffef7
  23                             	r23	=	0xffeef
  24                             	r31	=	0xffee7
  25                             	.text
  26                             	.Ltext0:
  27                             		.global	_R_Systeminit
  29                             	_R_Systeminit:
  30                             	.LFB0:
  31                             		.file 1 "../src/r_hardware_setup.c"
   1:../src/r_hardware_setup.c **** /**************************************************************************************************
   2:../src/r_hardware_setup.c **** * DISCLAIMER
   3:../src/r_hardware_setup.c **** * This software is supplied by Renesas Electronics Corporation and is only 
   4:../src/r_hardware_setup.c **** * intended for use with Renesas products. No other uses are authorized. This 
   5:../src/r_hardware_setup.c **** * software is owned by Renesas Electronics Corporation and is protected under 
   6:../src/r_hardware_setup.c **** * all applicable laws, including copyright laws.
   7:../src/r_hardware_setup.c **** * THIS SOFTWARE IS PROVIDED "AS IS" AND RENESAS MAKES NO WARRANTIES REGARDING 
   8:../src/r_hardware_setup.c **** * THIS SOFTWARE, WHETHER EXPRESS, IMPLIED OR STATUTORY, INCLUDING BUT NOT 
   9:../src/r_hardware_setup.c **** * LIMITED TO WARRANTIES OF MERCHANTABILITY, FITNESS FOR A PARTICULAR PURPOSE 
  10:../src/r_hardware_setup.c **** * AND NON-INFRINGEMENT.  ALL SUCH WARRANTIES ARE EXPRESSLY DISCLAIMED.
  11:../src/r_hardware_setup.c **** * TO THE MAXIMUM EXTENT PERMITTED NOT PROHIBITED BY LAW, NEITHER RENESAS 
  12:../src/r_hardware_setup.c **** * ELECTRONICS CORPORATION NOR ANY OF ITS AFFILIATED COMPANIES SHALL BE LIABLE 
  13:../src/r_hardware_setup.c **** * FOR ANY DIRECT, INDIRECT, SPECIAL, INCIDENTAL OR CONSEQUENTIAL DAMAGES FOR 
  14:../src/r_hardware_setup.c **** * ANY REASON RELATED TO THIS SOFTWARE, EVEN IF RENESAS OR ITS AFFILIATES HAVE 
  15:../src/r_hardware_setup.c **** * BEEN ADVISED OF THE POSSIBILITY OF SUCH DAMAGES.
  16:../src/r_hardware_setup.c **** * Renesas reserves the right, without notice, to make changes to this software 
  17:../src/r_hardware_setup.c **** * and to discontinue the availability of this software.  By using this software, 
  18:../src/r_hardware_setup.c **** * you agree to the additional terms and conditions found by accessing the 
  19:../src/r_hardware_setup.c **** * following link:
  20:../src/r_hardware_setup.c **** * http://www.renesas.com/disclaimer
  21:../src/r_hardware_setup.c **** *
  22:../src/r_hardware_setup.c **** * Copyright (C) 2011, 2013 Renesas Electronics Corporation. All rights reserved.
  23:../src/r_hardware_setup.c **** ***************************************************************************************************
  24:../src/r_hardware_setup.c **** 
  25:../src/r_hardware_setup.c **** /**************************************************************************************************
  26:../src/r_hardware_setup.c **** * File Name    : r_hardware_setup.c
  27:../src/r_hardware_setup.c **** * Version      : CodeGenerator for RL78/G14 V2.01.00.02 [09 Aug 2013]
  28:../src/r_hardware_setup.c **** * Device(s)    : R5F104PJ
  29:../src/r_hardware_setup.c **** * Tool-Chain   : GCCRL78
  30:../src/r_hardware_setup.c **** * Description  : This file implements system initializing function.
  31:../src/r_hardware_setup.c **** * Creation Date: 04/10/2018
  32:../src/r_hardware_setup.c **** ***************************************************************************************************
  33:../src/r_hardware_setup.c **** 
  34:../src/r_hardware_setup.c **** /**************************************************************************************************
  35:../src/r_hardware_setup.c **** Includes
  36:../src/r_hardware_setup.c **** ***************************************************************************************************
  37:../src/r_hardware_setup.c **** #include "r_cg_macrodriver.h"
  38:../src/r_hardware_setup.c **** #include "r_cg_cgc.h"
  39:../src/r_hardware_setup.c **** #include "r_cg_port.h"
  40:../src/r_hardware_setup.c **** /* Start user code for include. Do not edit comment generated here */
  41:../src/r_hardware_setup.c **** /* End user code. Do not edit comment generated here */
  42:../src/r_hardware_setup.c **** #include "r_cg_userdefine.h"
  43:../src/r_hardware_setup.c **** 
  44:../src/r_hardware_setup.c **** /**************************************************************************************************
  45:../src/r_hardware_setup.c **** Global variables and functions
  46:../src/r_hardware_setup.c **** ***************************************************************************************************
  47:../src/r_hardware_setup.c **** /* Start user code for global. Do not edit comment generated here */
  48:../src/r_hardware_setup.c **** /* End user code. Do not edit comment generated here */
  49:../src/r_hardware_setup.c **** int HardwareSetup(void);
  50:../src/r_hardware_setup.c **** void R_Systeminit(void);
  51:../src/r_hardware_setup.c **** 
  52:../src/r_hardware_setup.c **** 
  53:../src/r_hardware_setup.c **** /**************************************************************************************************
  54:../src/r_hardware_setup.c **** * Function Name: R_Systeminit
  55:../src/r_hardware_setup.c **** * Description  : This function initializes every macro.
  56:../src/r_hardware_setup.c **** * Arguments    : None
  57:../src/r_hardware_setup.c **** * Return Value : None
  58:../src/r_hardware_setup.c **** ***************************************************************************************************
  59:../src/r_hardware_setup.c **** void R_Systeminit(void)
  60:../src/r_hardware_setup.c **** {
  32                             		.loc 1 60 0 is_stmt 1
  61:../src/r_hardware_setup.c ****     PIOR0 = 0x00U;
  33                             		.loc 1 61 0
  34 0000 C9 F0 77 00             		movw	r8, #119
  35 0004 AD F0                   		movw	ax, r8
  36 0006 BD F2                   		movw	r10, ax
  37 0008 DA F2                   		movw	bc, r10
  38 000a F1                      		clrb	a
  39 000b 48 00 00                		mov	[bc], a
  62:../src/r_hardware_setup.c ****     PIOR1 = 0x00U;
  40                             		.loc 1 62 0
  41 000e C9 F0 79 00             		movw	r8, #121
  42 0012 AD F0                   		movw	ax, r8
  43 0014 BD F2                   		movw	r10, ax
  44 0016 DA F2                   		movw	bc, r10
  45 0018 F1                      		clrb	a
  46 0019 48 00 00                		mov	[bc], a
  63:../src/r_hardware_setup.c ****     R_CGC_Get_ResetSource();
  47                             		.loc 1 63 0
  48 001c FC 00 00 00             		call	!!_R_CGC_Get_ResetSource
  64:../src/r_hardware_setup.c ****     R_PORT_Create();
  49                             		.loc 1 64 0
  50 0020 FC 00 00 00             		call	!!_R_PORT_Create
  65:../src/r_hardware_setup.c ****     R_CGC_Create();
  51                             		.loc 1 65 0
  52 0024 FC 00 00 00             		call	!!_R_CGC_Create
  66:../src/r_hardware_setup.c ****     CRC0CTL = 0x00U;
  53                             		.loc 1 66 0
  54 0028 C9 F0 F0 02             		movw	r8, #752
  55 002c AD F0                   		movw	ax, r8
  56 002e BD F2                   		movw	r10, ax
  57 0030 DA F2                   		movw	bc, r10
  58 0032 F1                      		clrb	a
  59 0033 48 00 00                		mov	[bc], a
  67:../src/r_hardware_setup.c ****     IAWCTL = 0x00U;
  60                             		.loc 1 67 0
  61 0036 C9 F0 78 00             		movw	r8, #120
  62 003a AD F0                   		movw	ax, r8
  63 003c BD F2                   		movw	r10, ax
  64 003e DA F2                   		movw	bc, r10
  65 0040 F1                      		clrb	a
  66 0041 48 00 00                		mov	[bc], a
  68:../src/r_hardware_setup.c ****     PMS = 0x00U;
  67                             		.loc 1 68 0
  68 0044 C9 F0 7B 00             		movw	r8, #123
  69 0048 AD F0                   		movw	ax, r8
  70 004a BD F2                   		movw	r10, ax
  71 004c DA F2                   		movw	bc, r10
  72 004e F1                      		clrb	a
  73 004f 48 00 00                		mov	[bc], a
  69:../src/r_hardware_setup.c **** }
  74                             		.loc 1 69 0
  75 0052 D7                      		ret
  76                             	.LFE0:
  78                             		.global	_HardwareSetup
  80                             	_HardwareSetup:
  81                             	.LFB1:
  70:../src/r_hardware_setup.c **** 
  71:../src/r_hardware_setup.c **** /**************************************************************************************************
  72:../src/r_hardware_setup.c **** * Function Name: HardwareSetup
  73:../src/r_hardware_setup.c **** * Description  : This function initializes hardware setting.
  74:../src/r_hardware_setup.c **** * Arguments    : None
  75:../src/r_hardware_setup.c **** * Return Value : None
  76:../src/r_hardware_setup.c **** ***************************************************************************************************
  77:../src/r_hardware_setup.c **** int HardwareSetup(void)
  78:../src/r_hardware_setup.c **** {
  82                             		.loc 1 78 0
  83                             		; start of function
  84                             		; locals: 2 bytes
  85 0053 20 02                   		subw	sp, #2
  86                             	.LCFI0:
  79:../src/r_hardware_setup.c ****     DI();
  87                             		.loc 1 79 0
  88                             	 ; 79 "../src/r_hardware_setup.c" 1
  89 0055 71 7B FA                		di
  90                             	 ; 0 "" 2
  80:../src/r_hardware_setup.c ****     R_Systeminit();
  91                             		.loc 1 80 0
  92 0058 FC 00 00 00             		call	!!_R_Systeminit
  81:../src/r_hardware_setup.c **** 
  82:../src/r_hardware_setup.c ****     return (1U);
  93                             		.loc 1 82 0
  94 005c E6                      		onew	ax
  95 005d B8 00                   		movw	[sp], ax
  96 005f BD F0                   		movw	r8, ax
  83:../src/r_hardware_setup.c **** }
  97                             		.loc 1 83 0
  98 0061 10 02                   		addw	sp, #2
  99 0063 D7                      		ret
 100                             	.LFE1:
 140                             	.Letext0:
 141                             		.file 2 "../src/iodefine.h"
 142                             		.file 3 "../src/iodefine_ext.h"
