   1                             	r8	=	0xffef0
   2                             	r16	=	0xffee8
   3                             	r24	=	0xffee0
   4                             	r9	=	0xffef1
   5                             	r17	=	0xffee9
   6                             	r25	=	0xffee1
   7                             	r10	=	0xffef2
   8                             	r18	=	0xffeea
   9                             	r26	=	0xffee2
  10                             	r11	=	0xffef3
  11                             	r19	=	0xffeeb
  12                             	r27	=	0xffee3
  13                             	r12	=	0xffef4
  14                             	r20	=	0xffeec
  15                             	r28	=	0xffee4
  16                             	r13	=	0xffef5
  17                             	r21	=	0xffeed
  18                             	r29	=	0xffee5
  19                             	r14	=	0xffef6
  20                             	r22	=	0xffeee
  21                             	r30	=	0xffee6
  22                             	r15	=	0xffef7
  23                             	r23	=	0xffeef
  24                             	r31	=	0xffee7
  25                             		.section	.text.R_WDT_Create,"ax",@progbits
  26                             		.global	_R_WDT_Create
  28                             	_R_WDT_Create:
  29 0000 C9 F0 E4 FF             		movw	r8, #-28
  30 0004 AD F0                   		movw	ax, r8
  31 0006 16                      		movw	hl, ax
  32 0007 8B                      		mov	a, [hl]
  33 0008 6C 01                   		or	a, #1
  34 000a 9B                      		mov	[hl], a
  35 000b 36 E0 FF                		movw	hl, #-32
  36 000e 8B                      		mov	a, [hl]
  37 000f 5C FE                   		and	a, #-2
  38 0011 9B                      		mov	[hl], a
  39 0012 36 EC FF                		movw	hl, #-20
  40 0015 8B                      		mov	a, [hl]
  41 0016 6C 01                   		or	a, #1
  42 0018 9B                      		mov	[hl], a
  43 0019 36 E8 FF                		movw	hl, #-24
  44 001c 8B                      		mov	a, [hl]
  45 001d 6C 01                   		or	a, #1
  46 001f 9B                      		mov	[hl], a
  47 0020 AD F0                   		movw	ax, r8
  48 0022 16                      		movw	hl, ax
  49 0023 8B                      		mov	a, [hl]
  50 0024 5C FE                   		and	a, #-2
  51 0026 9B                      		mov	[hl], a
  52 0027 D7                      		ret
  54                             		.section	.text.R_WDT_Restart,"ax",@progbits
  55                             		.global	_R_WDT_Restart
  57                             	_R_WDT_Restart:
  58 0000 CF AB FF AC             		mov	!-85, #-84
  59 0004 D7                      		ret
  61                             		.ident	"GCC: (GNU) 4.8-GNURL78_v13.02 20121219 (experimental) (Red Hat/devo) [trunk revision 19449
