   1                             	r8	=	0xffef0
   2                             	r16	=	0xffee8
   3                             	r24	=	0xffee0
   4                             	r9	=	0xffef1
   5                             	r17	=	0xffee9
   6                             	r25	=	0xffee1
   7                             	r10	=	0xffef2
   8                             	r18	=	0xffeea
   9                             	r26	=	0xffee2
  10                             	r11	=	0xffef3
  11                             	r19	=	0xffeeb
  12                             	r27	=	0xffee3
  13                             	r12	=	0xffef4
  14                             	r20	=	0xffeec
  15                             	r28	=	0xffee4
  16                             	r13	=	0xffef5
  17                             	r21	=	0xffeed
  18                             	r29	=	0xffee5
  19                             	r14	=	0xffef6
  20                             	r22	=	0xffeee
  21                             	r30	=	0xffee6
  22                             	r15	=	0xffef7
  23                             	r23	=	0xffeef
  24                             	r31	=	0xffee7
  25                             		.section	.text.R_Dummy,"ax",@progbits
  26                             		.global	_R_Dummy
  28                             	_R_Dummy:
  29                             		; start of function
  30                             		; push 8: ax bc de hl
  31 0000 61 CF                   		sel	rb0
  32 0002 C1                      		push	ax
  33 0003 C3                      		push	bc
  34 0004 C5                      		push	de
  35 0005 C7                      		push	hl
  36 0006 C6                      		pop	hl
  37 0007 C4                      		pop	de
  38 0008 C2                      		pop	bc
  39 0009 C0                      		pop	ax
  40 000a 61 FC                   		reti
  42                             		.global	_Vectors
  43                             		.section	.vects,"aw",@progbits
  44                             		.balign 2
  47                             	_Vectors:
  48 0000 00 00                   		.short	_R_Dummy
  49 0002 00 00                   		.short	_R_Dummy
  50 0004 00 00                   		.short	_R_Dummy
  51 0006 00 00                   		.short	_R_Dummy
  52 0008 00 00                   		.short	_R_Dummy
  53 000a 00 00                   		.short	_R_Dummy
  54 000c 00 00                   		.short	_R_Dummy
  55 000e 00 00                   		.short	_R_Dummy
  56 0010 00 00                   		.short	_R_Dummy
  57 0012 00 00                   		.short	_R_Dummy
  58 0014 00 00                   		.short	_R_Dummy
  59 0016 00 00                   		.short	_R_Dummy
  60 0018 00 00                   		.short	_R_Dummy
  61 001a 00 00                   		.short	_R_Dummy
  62 001c 00 00                   		.short	_R_Dummy
  63 001e 00 00                   		.short	_R_Dummy
  64 0020 00 00                   		.short	_R_Dummy
  65 0022 00 00                   		.short	_R_Dummy
  66 0024 00 00                   		.short	_R_Dummy
  67 0026 00 00                   		.short	_R_Dummy
  68 0028 00 00                   		.short	_R_Dummy
  69 002a 00 00                   		.short	_R_Dummy
  70 002c 00 00                   		.short	_R_Dummy
  71 002e 00 00                   		.short	_R_Dummy
  72 0030 00 00                   		.short	_R_Dummy
  73 0032 00 00                   		.short	_R_Dummy
  74 0034 00 00                   		.short	_R_Dummy
  75 0036 00 00                   		.short	_R_Dummy
  76 0038 00 00                   		.short	_R_Dummy
  77 003a 00 00                   		.short	_R_Dummy
  78 003c 00 00                   		.short	_R_Dummy
  79 003e 00 00                   		.short	_R_Dummy
  80 0040 00 00                   		.short	_R_Dummy
  81 0042 00 00                   		.short	_R_Dummy
  82 0044 00 00                   		.short	_R_Dummy
  83 0046 00 00                   		.short	_R_Dummy
  84 0048 00 00                   		.short	_R_Dummy
  85 004a 00 00                   		.short	_R_Dummy
  86 004c 00 00                   		.short	_R_Dummy
  87 004e 00 00                   		.short	_R_Dummy
  88 0050 00 00                   		.short	_R_Dummy
  89 0052 00 00                   		.short	_R_Dummy
  90 0054 00 00                   		.short	_R_Dummy
  91 0056 00 00                   		.short	_R_Dummy
  92 0058 00 00                   		.short	_R_Dummy
  93 005a 00 00                   		.short	_R_Dummy
  94 005c 00 00                   		.short	_R_Dummy
  95 005e 00 00                   		.short	_R_Dummy
  96 0060 00 00                   		.short	_R_Dummy
  97 0062 00 00                   		.short	_R_Dummy
  98 0064 00 00                   		.short	_R_Dummy
  99 0066 00 00                   		.short	_R_Dummy
 100 0068 00 00                   		.short	_R_Dummy
 101 006a 00 00                   		.short	_R_Dummy
 102 006c 00 00                   		.short	_R_Dummy
 103 006e 00 00                   		.short	_R_Dummy
 104 0070 00 00                   		.short	_R_Dummy
 105 0072 00 00                   		.short	_R_Dummy
 106 0074 00 00                   		.short	_R_Dummy
 107 0076 00 00                   		.short	_R_Dummy
 108 0078 00 00                   		.short	_R_Dummy
 109 007a 00 00                   		.short	_R_Dummy
 110                             		.global	_HardwareVectors
 111                             		.section	.vec,"aw",@progbits
 112                             		.balign 2
 115                             	_HardwareVectors:
 116 0000 00 00                   		.short	_PowerON_Reset
 117 0002 FF FF                   		.short	-1
 118                             		.global	_Security_Id
 119                             		.section	.security_id,"a",@progbits
 122                             	_Security_Id:
 123 0000 00 00 00 00 00 00 00 00 		.zero	10
 123      00 00 
 124                             		.global	_Option_Bytes
 125                             		.section	.option_bytes,"a",@progbits
 128                             	_Option_Bytes:
 129 0000 EF                      		.byte	-17
 130 0001 FF                      		.byte	-1
 131 0002 E1                      		.byte	-31
 132 0003 04                      		.byte	4
 133                             		.ident	"GCC: (GNU) 4.8-GNURL78_v13.02 20121219 (experimental) (Red Hat/devo) [trunk revision 19449
