   1                             	r8	=	0xffef0
   2                             	r16	=	0xffee8
   3                             	r24	=	0xffee0
   4                             	r9	=	0xffef1
   5                             	r17	=	0xffee9
   6                             	r25	=	0xffee1
   7                             	r10	=	0xffef2
   8                             	r18	=	0xffeea
   9                             	r26	=	0xffee2
  10                             	r11	=	0xffef3
  11                             	r19	=	0xffeeb
  12                             	r27	=	0xffee3
  13                             	r12	=	0xffef4
  14                             	r20	=	0xffeec
  15                             	r28	=	0xffee4
  16                             	r13	=	0xffef5
  17                             	r21	=	0xffeed
  18                             	r29	=	0xffee5
  19                             	r14	=	0xffef6
  20                             	r22	=	0xffeee
  21                             	r30	=	0xffee6
  22                             	r15	=	0xffef7
  23                             	r23	=	0xffeef
  24                             	r31	=	0xffee7
  25                             		.section	.text.R_Systeminit,"ax",@progbits
  26                             		.global	_R_Systeminit
  28                             	_R_Systeminit:
  29 0000 F5 77 00                		clrb	!119
  30 0003 F5 79 00                		clrb	!121
  31 0006 FC 00 00 00             		call	!!_R_CGC_Get_ResetSource
  32 000a FC 00 00 00             		call	!!_R_PORT_Create
  33 000e FC 00 00 00             		call	!!_R_CGC_Create
  34 0012 F5 F0 02                		clrb	!752
  35 0015 F5 78 00                		clrb	!120
  36 0018 F5 7B 00                		clrb	!123
  37 001b D7                      		ret
  39                             		.section	.text.HardwareSetup,"ax",@progbits
  40                             		.global	_HardwareSetup
  42                             	_HardwareSetup:
  43                             	 ; 79 "../src/r_hardware_setup.c" 1
  44 0000 71 7B FA                		di
  45                             	 ; 0 "" 2
  46 0003 FC 00 00 00             		call	!!_R_Systeminit
  47 0007 C9 F0 01 00             		movw	r8, #1
  48 000b D7                      		ret
  50                             		.ident	"GCC: (GNU) 4.8-GNURL78_v13.02 20121219 (experimental) (Red Hat/devo) [trunk revision 19449
